18:53:41 **** Build of configuration Debug for project blinkLed ****
make all 
Building file: ../main.c
Invoking: AVR Compiler
avr-gcc -Wall -g2 -gstabs -Os -fpack-struct -fshort-enums -std=gnu99 -funsigned-char -funsigned-bitfields -pedantic -mmcu=atmega32 -DF_CPU=16000000UL -MMD -MP -MF"main.d" -MT"main.d" -c -o "main.o" "../main.c"
Finished building: ../main.c
 
Building target: blinkLed.elf
Invoking: AVR C Linker
avr-gcc -Wl,-Map,blinkLed.map -mmcu=atmega32 -o "blinkLed.elf"  ./main.o   
Finished building target: blinkLed.elf
 
Invoking: AVR Create Extended Listing
avr-objdump -h -S blinkLed.elf  >"blinkLed.lss"
Finished building: blinkLed.lss
 
Create Flash image (ihex format)
avr-objcopy -R .eeprom -O ihex blinkLed.elf  "blinkLed.hex"
Finished building: blinkLed.hex
 
Invoking: Print Size
avr-size --format=avr --mcu=atmega32 blinkLed.elf
AVR Memory Usage
----------------
Device: atmega32

Program:     342 bytes (1.0% Full)
(.text + .data + .bootloader)

Data:          0 bytes (0.0% Full)
(.data + .bss + .noinit)


Finished building: sizedummy
 
