18:32:37 **** Build of configuration Debug for project lcdExample ****
make all 
Building file: ../main.c
Invoking: AVR Compiler
avr-gcc -I"/home/stiborek/work/avr/avr-stdl/libs/lcd" -Wall -g2 -gstabs -Os -fpack-struct -fshort-enums -std=gnu99 -funsigned-char -funsigned-bitfields -mmcu=atmega32 -DF_CPU=16000000UL -MMD -MP -MF"main.d" -MT"main.d" -c -o "main.o" "../main.c"
Finished building: ../main.c
 
Building target: lcdExample.elf
Invoking: AVR C Linker
avr-gcc -Wl,-Map,lcdExample.map -L"/home/stiborek/work/avr/avr-stdl/libs/lcd/Debug" -mmcu=atmega32 -o "lcdExample.elf"  ./main.o   -llcd
Finished building target: lcdExample.elf
 
Invoking: AVR Create Extended Listing
avr-objdump -h -S lcdExample.elf  >"lcdExample.lss"
Finished building: lcdExample.lss
 
Create Flash image (ihex format)
avr-objcopy -R .eeprom -O ihex lcdExample.elf  "lcdExample.hex"
Finished building: lcdExample.hex
 
Invoking: Print Size
avr-size --format=avr --mcu=atmega32 lcdExample.elf
AVR Memory Usage
----------------
Device: atmega32

Program:     440 bytes (1.3% Full)
(.text + .data + .bootloader)

Data:          2 bytes (0.1% Full)
(.data + .bss + .noinit)


Finished building: sizedummy
 

18:32:37 Build Finished (took 109ms)

